#
# A fatal error has been detected by the Java Runtime Environment:
#
#  Internal Error (./open/src/hotspot/share/runtime/signature.cpp:53), pid=8060, tid=10496
#  fatal error: expecting (
#
# JRE version: Java(TM) SE Runtime Environment 18.9 (11.0.9+7) (build 11.0.9+7-LTS)
# Java VM: Java HotSpot(TM) 64-Bit Server VM 18.9 (11.0.9+7-LTS, mixed mode, tiered, compressed oops, g1 gc, windows-amd64)
# No core dump will be written. Minidumps are not enabled by default on client versions of Windows
#
# If you would like to submit a bug report, please visit:
#   https://bugreport.java.com/bugreport/crash.jsp
#

---------------  S U M M A R Y ------------

Command Line: -agentlib:jdwp=transport=dt_socket,suspend=y,address=localhost:51456 -ea -javaagent:C:\Users\shrub\Documents\development\java-2020-06\eclipse\configuration\org.eclipse.osgi\220\0\.cp\lib\javaagent-shaded.jar -Dfile.encoding=Cp1252 org.eclipse.jdt.internal.junit.runner.RemoteTestRunner -version 3 -port 51455 -testLoaderClass org.eclipse.jdt.internal.junit4.runner.JUnit4TestLoader -loaderpluginname org.eclipse.jdt.junit4.runtime -test edu.ncsu.csc216.pack_scheduler.user.StudentTest:testCompareTo

Host: Intel(R) Core(TM) i5-3330 CPU @ 3.00GHz, 4 cores, 7G,  Windows 10 , 64 bit Build 19041 (10.0.19041.804)
Time: Fri Feb 19 21:42:59 2021 Eastern Standard Time elapsed time: 23571.244907 seconds (0d 6h 32m 51s)

---------------  T H R E A D  ---------------

Current thread (0x0000026ea8e4a000):  VMThread "VM Thread" [stack: 0x000000efd0f00000,0x000000efd1000000] [id=10496]

Stack: [0x000000efd0f00000,0x000000efd1000000]
[error occurred during error reporting (printing stack bounds), id 0xc0000005, EXCEPTION_ACCESS_VIOLATION (0xc0000005) at pc=0x0000026e92e70dad]

Native frames: (J=compiled Java code, j=interpreted, Vv=VM code, C=native code)
V  [jvm.dll+0x611a3a]
V  [jvm.dll+0x748aaf]
V  [jvm.dll+0x74a135]
V  [jvm.dll+0x74a715]
V  [jvm.dll+0x74a6cb]
V  [jvm.dll+0x611323]
V  [jvm.dll+0x6116e8]
C  [ntdll.dll+0xa197f]
C  [ntdll.dll+0x4b754]
C  [ntdll.dll+0xa04ae]
C  0x0000026e92e70dad

VM_Operation (0x000000efd18ff720): GetOrSetLocal, mode: safepoint, requested by thread 0x0000026ea9f28800


---------------  P R O C E S S  ---------------

Threads class SMR info:
_java_thread_list=0x0000026eaa14cc80, length=14, elements={
0x0000026e8a9e7000, 0x0000026ea8e6e800, 0x0000026ea8e7a000, 0x0000026ea8e86000,
0x0000026ea8e87000, 0x0000026ea8e89000, 0x0000026ea9834800, 0x0000026ea8ebe000,
0x0000026e8aacc000, 0x0000026ea9f28800, 0x0000026ea9a2a000, 0x0000026ea9a2a800,
0x0000026ea9b3d800, 0x0000026eaa04f800
}

Java Threads: ( => current thread )
  0x0000026e8a9e7000 JavaThread "main" [_thread_blocked, id=5640, stack(0x000000efd0900000,0x000000efd0a00000)]
  0x0000026ea8e6e800 JavaThread "Reference Handler" daemon [_thread_blocked, id=12016, stack(0x000000efd1000000,0x000000efd1100000)]
  0x0000026ea8e7a000 JavaThread "Finalizer" daemon [_thread_blocked, id=12804, stack(0x000000efd1100000,0x000000efd1200000)]
  0x0000026ea8e86000 JavaThread "Signal Dispatcher" daemon [_thread_blocked, id=11824, stack(0x000000efd1200000,0x000000efd1300000)]
  0x0000026ea8e87000 JavaThread "Attach Listener" daemon [_thread_blocked, id=14584, stack(0x000000efd1300000,0x000000efd1400000)]
  0x0000026ea8e89000 JavaThread "C2 CompilerThread0" daemon [_thread_blocked, id=14008, stack(0x000000efd1400000,0x000000efd1500000)]
  0x0000026ea9834800 JavaThread "C1 CompilerThread0" daemon [_thread_blocked, id=1396, stack(0x000000efd1500000,0x000000efd1600000)]
  0x0000026ea8ebe000 JavaThread "Sweeper thread" daemon [_thread_blocked, id=13356, stack(0x000000efd1600000,0x000000efd1700000)]
  0x0000026e8aacc000 JavaThread "Common-Cleaner" daemon [_thread_blocked, id=5304, stack(0x000000efd1700000,0x000000efd1800000)]
  0x0000026ea9f28800 JavaThread "JDWP Transport Listener: dt_socket" daemon [_thread_blocked, id=2292, stack(0x000000efd1800000,0x000000efd1900000)] _threads_hazard_ptr=0x0000026eaa14cc80
  0x0000026ea9a2a000 JavaThread "JDWP Event Helper Thread" daemon [_thread_blocked, id=11592, stack(0x000000efd1900000,0x000000efd1a00000)]
  0x0000026ea9a2a800 JavaThread "JDWP Command Reader" daemon [_thread_in_native, id=4340, stack(0x000000efd1a00000,0x000000efd1b00000)]
  0x0000026ea9b3d800 JavaThread "Service Thread" daemon [_thread_blocked, id=14868, stack(0x000000efd1b00000,0x000000efd1c00000)]
  0x0000026eaa04f800 JavaThread "ReaderThread" [_thread_in_native, id=7204, stack(0x000000efd1d00000,0x000000efd1e00000)]

Other Threads:
=>0x0000026ea8e4a000 VMThread "VM Thread" [stack: 0x000000efd0f00000,0x000000efd1000000] [id=10496]
  0x0000026ea9b3e000 WatcherThread [stack: 0x000000efd1c00000,0x000000efd1d00000] [id=11452]
  0x0000026e8a9fd000 GCTaskThread "GC Thread#0" [stack: 0x000000efd0a00000,0x000000efd0b00000] [id=10776]
  0x0000026ea9950800 GCTaskThread "GC Thread#1" [stack: 0x000000efd0700000,0x000000efd0800000] [id=15892]
  0x0000026ea9823800 GCTaskThread "GC Thread#2" [stack: 0x000000efd0800000,0x000000efd0900000] [id=968]
  0x0000026ea9948000 GCTaskThread "GC Thread#3" [stack: 0x000000efd1e00000,0x000000efd1f00000] [id=6152]
  0x0000026e8aa2e800 ConcurrentGCThread "G1 Main Marker" [stack: 0x000000efd0b00000,0x000000efd0c00000] [id=1880]
  0x0000026e8aa31800 ConcurrentGCThread "G1 Conc#0" [stack: 0x000000efd0c00000,0x000000efd0d00000] [id=17340]
  0x0000026e8aabf800 ConcurrentGCThread "G1 Refine#0" [stack: 0x000000efd0d00000,0x000000efd0e00000] [id=3904]
  0x0000026e8aac6000 ConcurrentGCThread "G1 Young RemSet Sampling" [stack: 0x000000efd0e00000,0x000000efd0f00000] [id=5316]

Threads with active compile tasks:

VM state:at safepoint (normal execution)

VM Mutex/Monitor currently owned by a thread:  ([mutex/lock_event])
[0x0000026e8a9e2d90] Threads_lock - owner thread: 0x0000026ea8e4a000

Heap address: 0x0000000081c00000, size: 2020 MB, Compressed Oops mode: 32-bit
Narrow klass base: 0x0000000000000000, Narrow klass shift: 3
Compressed class space size: 1073741824 Address: 0x0000000100000000

Heap:
 garbage-first heap   total 131072K, used 1924K [0x0000000081c00000, 0x0000000100000000)
  region size 1024K, 3 young (3072K), 2 survivors (2048K)
 Metaspace       used 11037K, capacity 11202K, committed 11392K, reserved 1058816K
  class space    used 1004K, capacity 1046K, committed 1152K, reserved 1048576K
Heap Regions: E=young(eden), S=young(survivor), O=old, HS=humongous(starts), HC=humongous(continues), CS=collection set, F=free, A=archive, TAMS=top-at-mark-start (previous, next)
|   0|0x0000000081c00000, 0x0000000081c00000, 0x0000000081d00000|  0%| F|  |TAMS 0x0000000081c00000, 0x0000000081c00000| Untracked 
|   1|0x0000000081d00000, 0x0000000081d00000, 0x0000000081e00000|  0%| F|  |TAMS 0x0000000081d00000, 0x0000000081d00000| Untracked 
|   2|0x0000000081e00000, 0x0000000081e00000, 0x0000000081f00000|  0%| F|  |TAMS 0x0000000081e00000, 0x0000000081e00000| Untracked 
|   3|0x0000000081f00000, 0x0000000081f00000, 0x0000000082000000|  0%| F|  |TAMS 0x0000000081f00000, 0x0000000081f00000| Untracked 
|   4|0x0000000082000000, 0x0000000082000000, 0x0000000082100000|  0%| F|  |TAMS 0x0000000082000000, 0x0000000082000000| Untracked 
|   5|0x0000000082100000, 0x0000000082100000, 0x0000000082200000|  0%| F|  |TAMS 0x0000000082100000, 0x0000000082100000| Untracked 
|   6|0x0000000082200000, 0x0000000082200000, 0x0000000082300000|  0%| F|  |TAMS 0x0000000082200000, 0x0000000082200000| Untracked 
|   7|0x0000000082300000, 0x0000000082300000, 0x0000000082400000|  0%| F|  |TAMS 0x0000000082300000, 0x0000000082300000| Untracked 
|   8|0x0000000082400000, 0x0000000082400000, 0x0000000082500000|  0%| F|  |TAMS 0x0000000082400000, 0x0000000082400000| Untracked 
|   9|0x0000000082500000, 0x0000000082500000, 0x0000000082600000|  0%| F|  |TAMS 0x0000000082500000, 0x0000000082500000| Untracked 
|  10|0x0000000082600000, 0x0000000082600000, 0x0000000082700000|  0%| F|  |TAMS 0x0000000082600000, 0x0000000082600000| Untracked 
|  11|0x0000000082700000, 0x0000000082700000, 0x0000000082800000|  0%| F|  |TAMS 0x0000000082700000, 0x0000000082700000| Untracked 
|  12|0x0000000082800000, 0x0000000082800000, 0x0000000082900000|  0%| F|  |TAMS 0x0000000082800000, 0x0000000082800000| Untracked 
|  13|0x0000000082900000, 0x0000000082900000, 0x0000000082a00000|  0%| F|  |TAMS 0x0000000082900000, 0x0000000082900000| Untracked 
|  14|0x0000000082a00000, 0x0000000082a00000, 0x0000000082b00000|  0%| F|  |TAMS 0x0000000082a00000, 0x0000000082a00000| Untracked 
|  15|0x0000000082b00000, 0x0000000082b00000, 0x0000000082c00000|  0%| F|  |TAMS 0x0000000082b00000, 0x0000000082b00000| Untracked 
|  16|0x0000000082c00000, 0x0000000082c00000, 0x0000000082d00000|  0%| F|  |TAMS 0x0000000082c00000, 0x0000000082c00000| Untracked 
|  17|0x0000000082d00000, 0x0000000082d00000, 0x0000000082e00000|  0%| F|  |TAMS 0x0000000082d00000, 0x0000000082d00000| Untracked 
|  18|0x0000000082e00000, 0x0000000082e00000, 0x0000000082f00000|  0%| F|  |TAMS 0x0000000082e00000, 0x0000000082e00000| Untracked 
|  19|0x0000000082f00000, 0x0000000082f00000, 0x0000000083000000|  0%| F|  |TAMS 0x0000000082f00000, 0x0000000082f00000| Untracked 
|  20|0x0000000083000000, 0x0000000083000000, 0x0000000083100000|  0%| F|  |TAMS 0x0000000083000000, 0x0000000083000000| Untracked 
|  21|0x0000000083100000, 0x0000000083100000, 0x0000000083200000|  0%| F|  |TAMS 0x0000000083100000, 0x0000000083100000| Untracked 
|  22|0x0000000083200000, 0x0000000083200000, 0x0000000083300000|  0%| F|  |TAMS 0x0000000083200000, 0x0000000083200000| Untracked 
|  23|0x0000000083300000, 0x0000000083300000, 0x0000000083400000|  0%| F|  |TAMS 0x0000000083300000, 0x0000000083300000| Untracked 
|  24|0x0000000083400000, 0x0000000083400000, 0x0000000083500000|  0%| F|  |TAMS 0x0000000083400000, 0x0000000083400000| Untracked 
|  25|0x0000000083500000, 0x0000000083500000, 0x0000000083600000|  0%| F|  |TAMS 0x0000000083500000, 0x0000000083500000| Untracked 
|  26|0x0000000083600000, 0x0000000083600000, 0x0000000083700000|  0%| F|  |TAMS 0x0000000083600000, 0x0000000083600000| Untracked 
|  27|0x0000000083700000, 0x0000000083700000, 0x0000000083800000|  0%| F|  |TAMS 0x0000000083700000, 0x0000000083700000| Untracked 
|  28|0x0000000083800000, 0x0000000083800000, 0x0000000083900000|  0%| F|  |TAMS 0x0000000083800000, 0x0000000083800000| Untracked 
|  29|0x0000000083900000, 0x0000000083900000, 0x0000000083a00000|  0%| F|  |TAMS 0x0000000083900000, 0x0000000083900000| Untracked 
|  30|0x0000000083a00000, 0x0000000083a00000, 0x0000000083b00000|  0%| F|  |TAMS 0x0000000083a00000, 0x0000000083a00000| Untracked 
|  31|0x0000000083b00000, 0x0000000083b00000, 0x0000000083c00000|  0%| F|  |TAMS 0x0000000083b00000, 0x0000000083b00000| Untracked 
|  32|0x0000000083c00000, 0x0000000083c00000, 0x0000000083d00000|  0%| F|  |TAMS 0x0000000083c00000, 0x0000000083c00000| Untracked 
|  33|0x0000000083d00000, 0x0000000083d00000, 0x0000000083e00000|  0%| F|  |TAMS 0x0000000083d00000, 0x0000000083d00000| Untracked 
|  34|0x0000000083e00000, 0x0000000083e00000, 0x0000000083f00000|  0%| F|  |TAMS 0x0000000083e00000, 0x0000000083e00000| Untracked 
|  35|0x0000000083f00000, 0x0000000083f00000, 0x0000000084000000|  0%| F|  |TAMS 0x0000000083f00000, 0x0000000083f00000| Untracked 
|  36|0x0000000084000000, 0x0000000084000000, 0x0000000084100000|  0%| F|  |TAMS 0x0000000084000000, 0x0000000084000000| Untracked 
|  37|0x0000000084100000, 0x0000000084100000, 0x0000000084200000|  0%| F|  |TAMS 0x0000000084100000, 0x0000000084100000| Untracked 
|  38|0x0000000084200000, 0x0000000084200000, 0x0000000084300000|  0%| F|  |TAMS 0x0000000084200000, 0x0000000084200000| Untracked 
|  39|0x0000000084300000, 0x0000000084300000, 0x0000000084400000|  0%| F|  |TAMS 0x0000000084300000, 0x0000000084300000| Untracked 
|  40|0x0000000084400000, 0x0000000084400000, 0x0000000084500000|  0%| F|  |TAMS 0x0000000084400000, 0x0000000084400000| Untracked 
|  41|0x0000000084500000, 0x0000000084500000, 0x0000000084600000|  0%| F|  |TAMS 0x0000000084500000, 0x0000000084500000| Untracked 
|  42|0x0000000084600000, 0x0000000084600000, 0x0000000084700000|  0%| F|  |TAMS 0x0000000084600000, 0x0000000084600000| Untracked 
|  43|0x0000000084700000, 0x0000000084700000, 0x0000000084800000|  0%| F|  |TAMS 0x0000000084700000, 0x0000000084700000| Untracked 
|  44|0x0000000084800000, 0x0000000084800000, 0x0000000084900000|  0%| F|  |TAMS 0x0000000084800000, 0x0000000084800000| Untracked 
|  45|0x0000000084900000, 0x0000000084900000, 0x0000000084a00000|  0%| F|  |TAMS 0x0000000084900000, 0x0000000084900000| Untracked 
|  46|0x0000000084a00000, 0x0000000084a00000, 0x0000000084b00000|  0%| F|  |TAMS 0x0000000084a00000, 0x0000000084a00000| Untracked 
|  47|0x0000000084b00000, 0x0000000084b00000, 0x0000000084c00000|  0%| F|  |TAMS 0x0000000084b00000, 0x0000000084b00000| Untracked 
|  48|0x0000000084c00000, 0x0000000084c00000, 0x0000000084d00000|  0%| F|  |TAMS 0x0000000084c00000, 0x0000000084c00000| Untracked 
|  49|0x0000000084d00000, 0x0000000084d00000, 0x0000000084e00000|  0%| F|  |TAMS 0x0000000084d00000, 0x0000000084d00000| Untracked 
|  50|0x0000000084e00000, 0x0000000084e00000, 0x0000000084f00000|  0%| F|  |TAMS 0x0000000084e00000, 0x0000000084e00000| Untracked 
|  51|0x0000000084f00000, 0x0000000084f00000, 0x0000000085000000|  0%| F|  |TAMS 0x0000000084f00000, 0x0000000084f00000| Untracked 
|  52|0x0000000085000000, 0x0000000085000000, 0x0000000085100000|  0%| F|  |TAMS 0x0000000085000000, 0x0000000085000000| Untracked 
|  53|0x0000000085100000, 0x0000000085100000, 0x0000000085200000|  0%| F|  |TAMS 0x0000000085100000, 0x0000000085100000| Untracked 
|  54|0x0000000085200000, 0x0000000085200000, 0x0000000085300000|  0%| F|  |TAMS 0x0000000085200000, 0x0000000085200000| Untracked 
|  55|0x0000000085300000, 0x0000000085300000, 0x0000000085400000|  0%| F|  |TAMS 0x0000000085300000, 0x0000000085300000| Untracked 
|  56|0x0000000085400000, 0x0000000085400000, 0x0000000085500000|  0%| F|  |TAMS 0x0000000085400000, 0x0000000085400000| Untracked 
|  57|0x0000000085500000, 0x0000000085500000, 0x0000000085600000|  0%| F|  |TAMS 0x0000000085500000, 0x0000000085500000| Untracked 
|  58|0x0000000085600000, 0x0000000085600000, 0x0000000085700000|  0%| F|  |TAMS 0x0000000085600000, 0x0000000085600000| Untracked 
|  59|0x0000000085700000, 0x0000000085700000, 0x0000000085800000|  0%| F|  |TAMS 0x0000000085700000, 0x0000000085700000| Untracked 
|  60|0x0000000085800000, 0x0000000085800000, 0x0000000085900000|  0%| F|  |TAMS 0x0000000085800000, 0x0000000085800000| Untracked 
|  61|0x0000000085900000, 0x0000000085900000, 0x0000000085a00000|  0%| F|  |TAMS 0x0000000085900000, 0x0000000085900000| Untracked 
|  62|0x0000000085a00000, 0x0000000085a00000, 0x0000000085b00000|  0%| F|  |TAMS 0x0000000085a00000, 0x0000000085a00000| Untracked 
|  63|0x0000000085b00000, 0x0000000085b00000, 0x0000000085c00000|  0%| F|  |TAMS 0x0000000085b00000, 0x0000000085b00000| Untracked 
|  64|0x0000000085c00000, 0x0000000085c00000, 0x0000000085d00000|  0%| F|  |TAMS 0x0000000085c00000, 0x0000000085c00000| Untracked 
|  65|0x0000000085d00000, 0x0000000085d00000, 0x0000000085e00000|  0%| F|  |TAMS 0x0000000085d00000, 0x0000000085d00000| Untracked 
|  66|0x0000000085e00000, 0x0000000085e00000, 0x0000000085f00000|  0%| F|  |TAMS 0x0000000085e00000, 0x0000000085e00000| Untracked 
|  67|0x0000000085f00000, 0x0000000085f00000, 0x0000000086000000|  0%| F|  |TAMS 0x0000000085f00000, 0x0000000085f00000| Untracked 
|  68|0x0000000086000000, 0x0000000086000000, 0x0000000086100000|  0%| F|  |TAMS 0x0000000086000000, 0x0000000086000000| Untracked 
|  69|0x0000000086100000, 0x0000000086100000, 0x0000000086200000|  0%| F|  |TAMS 0x0000000086100000, 0x0000000086100000| Untracked 
|  70|0x0000000086200000, 0x0000000086200000, 0x0000000086300000|  0%| F|  |TAMS 0x0000000086200000, 0x0000000086200000| Untracked 
|  71|0x0000000086300000, 0x0000000086300000, 0x0000000086400000|  0%| F|  |TAMS 0x0000000086300000, 0x0000000086300000| Untracked 
|  72|0x0000000086400000, 0x0000000086400000, 0x0000000086500000|  0%| F|  |TAMS 0x0000000086400000, 0x0000000086400000| Untracked 
|  73|0x0000000086500000, 0x0000000086500000, 0x0000000086600000|  0%| F|  |TAMS 0x0000000086500000, 0x0000000086500000| Untracked 
|  74|0x0000000086600000, 0x0000000086600000, 0x0000000086700000|  0%| F|  |TAMS 0x0000000086600000, 0x0000000086600000| Untracked 
|  75|0x0000000086700000, 0x0000000086700000, 0x0000000086800000|  0%| F|  |TAMS 0x0000000086700000, 0x0000000086700000| Untracked 
|  76|0x0000000086800000, 0x0000000086800000, 0x0000000086900000|  0%| F|  |TAMS 0x0000000086800000, 0x0000000086800000| Untracked 
|  77|0x0000000086900000, 0x0000000086900000, 0x0000000086a00000|  0%| F|  |TAMS 0x0000000086900000, 0x0000000086900000| Untracked 
|  78|0x0000000086a00000, 0x0000000086a00000, 0x0000000086b00000|  0%| F|  |TAMS 0x0000000086a00000, 0x0000000086a00000| Untracked 
|  79|0x0000000086b00000, 0x0000000086b00000, 0x0000000086c00000|  0%| F|  |TAMS 0x0000000086b00000, 0x0000000086b00000| Untracked 
|  80|0x0000000086c00000, 0x0000000086c00000, 0x0000000086d00000|  0%| F|  |TAMS 0x0000000086c00000, 0x0000000086c00000| Untracked 
|  81|0x0000000086d00000, 0x0000000086d00000, 0x0000000086e00000|  0%| F|  |TAMS 0x0000000086d00000, 0x0000000086d00000| Untracked 
|  82|0x0000000086e00000, 0x0000000086e00000, 0x0000000086f00000|  0%| F|  |TAMS 0x0000000086e00000, 0x0000000086e00000| Untracked 
|  83|0x0000000086f00000, 0x0000000086f00000, 0x0000000087000000|  0%| F|  |TAMS 0x0000000086f00000, 0x0000000086f00000| Untracked 
|  84|0x0000000087000000, 0x0000000087000000, 0x0000000087100000|  0%| F|  |TAMS 0x0000000087000000, 0x0000000087000000| Untracked 
|  85|0x0000000087100000, 0x0000000087100000, 0x0000000087200000|  0%| F|  |TAMS 0x0000000087100000, 0x0000000087100000| Untracked 
|  86|0x0000000087200000, 0x0000000087200000, 0x0000000087300000|  0%| F|  |TAMS 0x0000000087200000, 0x0000000087200000| Untracked 
|  87|0x0000000087300000, 0x0000000087300000, 0x0000000087400000|  0%| F|  |TAMS 0x0000000087300000, 0x0000000087300000| Untracked 
|  88|0x0000000087400000, 0x0000000087400000, 0x0000000087500000|  0%| F|  |TAMS 0x0000000087400000, 0x0000000087400000| Untracked 
|  89|0x0000000087500000, 0x0000000087500000, 0x0000000087600000|  0%| F|  |TAMS 0x0000000087500000, 0x0000000087500000| Untracked 
|  90|0x0000000087600000, 0x0000000087600000, 0x0000000087700000|  0%| F|  |TAMS 0x0000000087600000, 0x0000000087600000| Untracked 
|  91|0x0000000087700000, 0x0000000087700000, 0x0000000087800000|  0%| F|  |TAMS 0x0000000087700000, 0x0000000087700000| Untracked 
|  92|0x0000000087800000, 0x0000000087800000, 0x0000000087900000|  0%| F|  |TAMS 0x0000000087800000, 0x0000000087800000| Untracked 
|  93|0x0000000087900000, 0x0000000087900000, 0x0000000087a00000|  0%| F|  |TAMS 0x0000000087900000, 0x0000000087900000| Untracked 
|  94|0x0000000087a00000, 0x0000000087a00000, 0x0000000087b00000|  0%| F|  |TAMS 0x0000000087a00000, 0x0000000087a00000| Untracked 
|  95|0x0000000087b00000, 0x0000000087b00000, 0x0000000087c00000|  0%| F|  |TAMS 0x0000000087b00000, 0x0000000087b00000| Untracked 
|  96|0x0000000087c00000, 0x0000000087c00000, 0x0000000087d00000|  0%| F|  |TAMS 0x0000000087c00000, 0x0000000087c00000| Untracked 
|  97|0x0000000087d00000, 0x0000000087d00000, 0x0000000087e00000|  0%| F|  |TAMS 0x0000000087d00000, 0x0000000087d00000| Untracked 
|  98|0x0000000087e00000, 0x0000000087e00000, 0x0000000087f00000|  0%| F|  |TAMS 0x0000000087e00000, 0x0000000087e00000| Untracked 
|  99|0x0000000087f00000, 0x0000000087f00000, 0x0000000088000000|  0%| F|  |TAMS 0x0000000087f00000, 0x0000000087f00000| Untracked 
| 100|0x0000000088000000, 0x0000000088000000, 0x0000000088100000|  0%| F|  |TAMS 0x0000000088000000, 0x0000000088000000| Untracked 
| 101|0x0000000088100000, 0x0000000088100000, 0x0000000088200000|  0%| F|  |TAMS 0x0000000088100000, 0x0000000088100000| Untracked 
| 102|0x0000000088200000, 0x0000000088200000, 0x0000000088300000|  0%| F|  |TAMS 0x0000000088200000, 0x0000000088200000| Untracked 
| 103|0x0000000088300000, 0x0000000088300000, 0x0000000088400000|  0%| F|  |TAMS 0x0000000088300000, 0x0000000088300000| Untracked 
| 104|0x0000000088400000, 0x0000000088400000, 0x0000000088500000|  0%| F|  |TAMS 0x0000000088400000, 0x0000000088400000| Untracked 
| 105|0x0000000088500000, 0x0000000088500000, 0x0000000088600000|  0%| F|  |TAMS 0x0000000088500000, 0x0000000088500000| Untracked 
| 106|0x0000000088600000, 0x0000000088600000, 0x0000000088700000|  0%| F|  |TAMS 0x0000000088600000, 0x0000000088600000| Untracked 
| 107|0x0000000088700000, 0x0000000088700000, 0x0000000088800000|  0%| F|  |TAMS 0x0000000088700000, 0x0000000088700000| Untracked 
| 108|0x0000000088800000, 0x0000000088800000, 0x0000000088900000|  0%| F|  |TAMS 0x0000000088800000, 0x0000000088800000| Untracked 
| 109|0x0000000088900000, 0x0000000088900000, 0x0000000088a00000|  0%| F|  |TAMS 0x0000000088900000, 0x0000000088900000| Untracked 
| 110|0x0000000088a00000, 0x0000000088a00000, 0x0000000088b00000|  0%| F|  |TAMS 0x0000000088a00000, 0x0000000088a00000| Untracked 
| 111|0x0000000088b00000, 0x0000000088b00000, 0x0000000088c00000|  0%| F|  |TAMS 0x0000000088b00000, 0x0000000088b00000| Untracked 
| 112|0x0000000088c00000, 0x0000000088ce1028, 0x0000000088d00000| 87%| S|CS|TAMS 0x0000000088c00000, 0x0000000088c00000| Complete 
| 113|0x0000000088d00000, 0x0000000088e00000, 0x0000000088e00000|100%| S|CS|TAMS 0x0000000088d00000, 0x0000000088d00000| Complete 
| 114|0x0000000088e00000, 0x0000000088e00000, 0x0000000088f00000|  0%| F|  |TAMS 0x0000000088e00000, 0x0000000088e00000| Untracked 
| 115|0x0000000088f00000, 0x0000000088f00000, 0x0000000089000000|  0%| F|  |TAMS 0x0000000088f00000, 0x0000000088f00000| Untracked 
| 116|0x0000000089000000, 0x0000000089000000, 0x0000000089100000|  0%| F|  |TAMS 0x0000000089000000, 0x0000000089000000| Untracked 
| 117|0x0000000089100000, 0x0000000089100000, 0x0000000089200000|  0%| F|  |TAMS 0x0000000089100000, 0x0000000089100000| Untracked 
| 118|0x0000000089200000, 0x0000000089200000, 0x0000000089300000|  0%| F|  |TAMS 0x0000000089200000, 0x0000000089200000| Untracked 
| 119|0x0000000089300000, 0x0000000089300000, 0x0000000089400000|  0%| F|  |TAMS 0x0000000089300000, 0x0000000089300000| Untracked 
| 120|0x0000000089400000, 0x0000000089400000, 0x0000000089500000|  0%| F|  |TAMS 0x0000000089400000, 0x0000000089400000| Untracked 
| 121|0x0000000089500000, 0x0000000089500000, 0x0000000089600000|  0%| F|  |TAMS 0x0000000089500000, 0x0000000089500000| Untracked 
| 122|0x0000000089600000, 0x0000000089600000, 0x0000000089700000|  0%| F|  |TAMS 0x0000000089600000, 0x0000000089600000| Untracked 
| 123|0x0000000089700000, 0x0000000089700000, 0x0000000089800000|  0%| F|  |TAMS 0x0000000089700000, 0x0000000089700000| Untracked 
| 124|0x0000000089800000, 0x0000000089800000, 0x0000000089900000|  0%| F|  |TAMS 0x0000000089800000, 0x0000000089800000| Untracked 
| 125|0x0000000089900000, 0x0000000089900000, 0x0000000089a00000|  0%| F|  |TAMS 0x0000000089900000, 0x0000000089900000| Untracked 
| 126|0x0000000089a00000, 0x0000000089a00000, 0x0000000089b00000|  0%| F|  |TAMS 0x0000000089a00000, 0x0000000089a00000| Untracked 
| 127|0x0000000089b00000, 0x0000000089b80800, 0x0000000089c00000| 50%| E|  |TAMS 0x0000000089b00000, 0x0000000089b00000| Complete 

Card table byte_map: [0x0000026ea2270000,0x0000026ea2670000] _byte_map_base: 0x0000026ea1e62000

Marking Bits (Prev, Next): (CMBitMap*) 0x0000026e8aa25b78, (CMBitMap*) 0x0000026e8aa25bb0
 Prev Bits: [0x0000026ea2a70000, 0x0000026ea4a00000)
 Next Bits: [0x0000026ea4a00000, 0x0000026ea6990000)

Polling page: 0x0000026e8a1d0000

Metaspace:

Usage:
  Non-class:      9.92 MB capacity,     9.80 MB ( 99%) used,   111.39 KB (  1%) free+waste,    10.94 KB ( <1%) overhead. 
      Class:      1.02 MB capacity,  1004.06 KB ( 96%) used,    37.81 KB (  4%) free+waste,     4.13 KB ( <1%) overhead. 
       Both:     10.94 MB capacity,    10.78 MB ( 99%) used,   149.20 KB (  1%) free+waste,    15.06 KB ( <1%) overhead. 

Virtual space:
  Non-class space:       10.00 MB reserved,      10.00 MB (100%) committed 
      Class space:        1.00 GB reserved,       1.13 MB ( <1%) committed 
             Both:        1.01 GB reserved,      11.13 MB (  1%) committed 

Chunk freelists:
   Non-Class:  2.50 KB
       Class:  1.25 KB
        Both:  3.75 KB

CodeHeap 'non-profiled nmethods': size=120064Kb used=267Kb max_used=267Kb free=119796Kb
 bounds [0x0000026e9a930000, 0x0000026e9aba0000, 0x0000026ea1e70000]
CodeHeap 'profiled nmethods': size=120000Kb used=1627Kb max_used=1627Kb free=118372Kb
 bounds [0x0000026e93400000, 0x0000026e93670000, 0x0000026e9a930000]
CodeHeap 'non-nmethods': size=5696Kb used=1157Kb max_used=1176Kb free=4538Kb
 bounds [0x0000026e92e70000, 0x0000026e930e0000, 0x0000026e93400000]
 total_blobs=1200 nmethods=830 adapters=290
 compilation: enabled
              stopped_count=0, restarted_count=0
 full_count=0

Compilation events (10 events):
Event: 15302.546 Thread 0x0000026ea9834800  827       3       jdk.internal.misc.InnocuousThread::eraseThreadLocals (23 bytes)
Event: 15302.547 Thread 0x0000026ea9834800 nmethod 827 0x0000026e9358ff10 code [0x0000026e935900c0, 0x0000026e935902f8]
Event: 23571.199 Thread 0x0000026ea9834800  828       3       org.eclipse.jdt.launching.internal.org.objectweb.asm.ClassReader::readField (667 bytes)
Event: 23571.205 Thread 0x0000026ea9834800 nmethod 828 0x0000026e93590390 code [0x0000026e93590920, 0x0000026e93593b00]
Event: 23571.205 Thread 0x0000026ea9834800  829       3       org.eclipse.jdt.launching.internal.org.objectweb.asm.ClassVisitor::visitField (24 bytes)
Event: 23571.206 Thread 0x0000026ea9834800 nmethod 829 0x0000026e93595690 code [0x0000026e93595840, 0x0000026e93595af0]
Event: 23571.206 Thread 0x0000026ea9834800  830       3       org.eclipse.jdt.launching.internal.org.objectweb.asm.ClassWriter::visitField (53 bytes)
Event: 23571.206 Thread 0x0000026ea9834800 nmethod 830 0x0000026e93595c10 code [0x0000026e93595de0, 0x0000026e935961d0]
Event: 23571.207 Thread 0x0000026ea9834800  831       3       org.eclipse.jdt.launching.internal.org.objectweb.asm.Attribute::putAttributes (78 bytes)
Event: 23571.208 Thread 0x0000026ea9834800 nmethod 831 0x0000026e93596310 code [0x0000026e93596560, 0x0000026e93596aa0]

GC Heap History (2 events):
Event: 23571.131 GC heap before
{Heap before GC invocations=0 (full 0):
 garbage-first heap   total 131072K, used 13312K [0x0000000081c00000, 0x0000000100000000)
  region size 1024K, 14 young (14336K), 0 survivors (0K)
 Metaspace       used 11012K, capacity 11202K, committed 11392K, reserved 1058816K
  class space    used 1003K, capacity 1046K, committed 1152K, reserved 1048576K
}
Event: 23571.198 GC heap after
{Heap after GC invocations=1 (full 0):
 garbage-first heap   total 131072K, used 1924K [0x0000000081c00000, 0x0000000100000000)
  region size 1024K, 2 young (2048K), 2 survivors (2048K)
 Metaspace       used 11012K, capacity 11202K, committed 11392K, reserved 1058816K
  class space    used 1003K, capacity 1046K, committed 1152K, reserved 1048576K
}

Deoptimization events (8 events):
Event: 0.764 Thread 0x0000026e8a9e7000 Uncommon trap: reason=class_check action=maybe_recompile pc=0x0000026e9a93d960 method=java.util.HashMap.putVal(ILjava/lang/Object;Ljava/lang/Object;ZZ)Ljava/lang/Object; @ 152 c2
Event: 0.816 Thread 0x0000026e8a9e7000 Uncommon trap: reason=class_check action=maybe_recompile pc=0x0000026e9a93d960 method=java.util.HashMap.putVal(ILjava/lang/Object;Ljava/lang/Object;ZZ)Ljava/lang/Object; @ 152 c2
Event: 0.817 Thread 0x0000026e8a9e7000 Uncommon trap: reason=class_check action=maybe_recompile pc=0x0000026e9a93d960 method=java.util.HashMap.putVal(ILjava/lang/Object;Ljava/lang/Object;ZZ)Ljava/lang/Object; @ 152 c2
Event: 0.912 Thread 0x0000026e8a9e7000 Uncommon trap: reason=class_check action=maybe_recompile pc=0x0000026e9a93d960 method=java.util.HashMap.putVal(ILjava/lang/Object;Ljava/lang/Object;ZZ)Ljava/lang/Object; @ 152 c2
Event: 1.031 Thread 0x0000026e8a9e7000 Uncommon trap: reason=unstable_if action=reinterpret pc=0x0000026e9a940d30 method=java.util.HashMap.putVal(ILjava/lang/Object;Ljava/lang/Object;ZZ)Ljava/lang/Object; @ 181 c2
Event: 1.427 Thread 0x0000026e8a9e7000 Uncommon trap: reason=unstable_if action=reinterpret pc=0x0000026e9a9356f8 method=java.lang.String.isLatin1()Z @ 10 c2
Event: 1.831 Thread 0x0000026e8a9e7000 Uncommon trap: reason=unstable_if action=reinterpret pc=0x0000026e9a95ac8c method=java.math.BigInteger.addOne([IIII)I @ 55 c2
Event: 1.914 Thread 0x0000026e8a9e7000 Uncommon trap: reason=unstable_if action=reinterpret pc=0x0000026e9a9620dc method=java.util.HashMap.getNode(ILjava/lang/Object;)Ljava/util/HashMap$Node; @ 62 c2

Classes redefined (4 events):
Event: 140.668 Thread 0x0000026ea8e4a000 redefined class name=edu.ncsu.csc216.pack_scheduler.user.Student, count=1
Event: 593.979 Thread 0x0000026ea8e4a000 redefined class name=edu.ncsu.csc216.pack_scheduler.user.Student, count=2
Event: 980.521 Thread 0x0000026ea8e4a000 redefined class name=edu.ncsu.csc216.pack_scheduler.user.StudentTest, count=1
Event: 23571.220 Thread 0x0000026ea8e4a000 redefined class name=edu.ncsu.csc216.pack_scheduler.user.StudentTest, count=2

Internal exceptions (1 events):
Event: 2.012 Thread 0x0000026e8a9e7000 Exception <a 'java/lang/NoSuchMethodError'{0x0000000088f97088}: java.lang.invoke.DirectMethodHandle$Holder.invokeSpecialIFC(Ljava/lang/Object;Ljava/lang/Object;I)I> (0x0000000088f97088) thrown at [./open/src/hotspot/share/interpreter/linkResolver.cpp, lin

Events (10 events):
Event: 23571.241 Executing VM operation: SetFramePop done
Event: 23571.241 Executing VM operation: GetFrameLocation
Event: 23571.241 Executing VM operation: GetFrameLocation done
Event: 23571.241 Executing VM operation: GetCurrentLocation
Event: 23571.241 Executing VM operation: GetCurrentLocation done
Event: 23571.241 Executing VM operation: ChangeSingleStep
Event: 23571.241 Executing VM operation: ChangeSingleStep done
Event: 23571.242 Executing VM operation: GetFrameLocation
Event: 23571.242 Executing VM operation: GetFrameLocation done
Event: 23571.242 Executing VM operation: GetOrSetLocal


Dynamic libraries:
0x00007ff7d6890000 - 0x00007ff7d689f000 	C:\Program Files\Java\jdk-11.0.9\bin\javaw.exe
0x00007ff9bb310000 - 0x00007ff9bb506000 	C:\WINDOWS\SYSTEM32\ntdll.dll
0x00007ff9b9b70000 - 0x00007ff9b9c2d000 	C:\WINDOWS\System32\KERNEL32.DLL
0x00007ff9b8d80000 - 0x00007ff9b9049000 	C:\WINDOWS\System32\KERNELBASE.dll
0x00007ff9b8bd0000 - 0x00007ff9b8cd0000 	C:\WINDOWS\System32\ucrtbase.dll
0x00007ff9b2f20000 - 0x00007ff9b2f38000 	C:\Program Files\Java\jdk-11.0.9\bin\jli.dll
0x00007ff9bb090000 - 0x00007ff9bb13c000 	C:\WINDOWS\System32\ADVAPI32.dll
0x00007ff9ba410000 - 0x00007ff9ba4ae000 	C:\WINDOWS\System32\msvcrt.dll
0x00007ff9ba7a0000 - 0x00007ff9ba83c000 	C:\WINDOWS\System32\sechost.dll
0x00007ff9ba610000 - 0x00007ff9ba73b000 	C:\WINDOWS\System32\RPCRT4.dll
0x00007ff9baef0000 - 0x00007ff9bb090000 	C:\WINDOWS\System32\USER32.dll
0x00007ff9b8af0000 - 0x00007ff9b8b12000 	C:\WINDOWS\System32\win32u.dll
0x00007ff9bb270000 - 0x00007ff9bb29a000 	C:\WINDOWS\System32\GDI32.dll
0x00007ff9b9100000 - 0x00007ff9b920b000 	C:\WINDOWS\System32\gdi32full.dll
0x00007ff9b8a50000 - 0x00007ff9b8aed000 	C:\WINDOWS\System32\msvcp_win.dll
0x00007ff9b2f00000 - 0x00007ff9b2f15000 	C:\Program Files\Java\jdk-11.0.9\bin\VCRUNTIME140.dll
0x00007ff9a32e0000 - 0x00007ff9a357b000 	C:\WINDOWS\WinSxS\amd64_microsoft.windows.common-controls_6595b64144ccf1df_6.0.19041.746_none_ca02b4b61b8320a4\COMCTL32.dll
0x00007ff9ae040000 - 0x00007ff9ae04a000 	C:\WINDOWS\SYSTEM32\VERSION.dll
0x00007ff9bb240000 - 0x00007ff9bb270000 	C:\WINDOWS\System32\IMM32.DLL
0x00007ff9a2160000 - 0x00007ff9a21fb000 	C:\Program Files\Java\jdk-11.0.9\bin\msvcp140.dll
0x00007ff9671f0000 - 0x00007ff967ce7000 	C:\Program Files\Java\jdk-11.0.9\bin\server\jvm.dll
0x00007ff9bae80000 - 0x00007ff9bae88000 	C:\WINDOWS\System32\PSAPI.DLL
0x00007ff9a0890000 - 0x00007ff9a0899000 	C:\WINDOWS\SYSTEM32\WSOCK32.dll
0x00007ff9bb140000 - 0x00007ff9bb1ab000 	C:\WINDOWS\System32\WS2_32.dll
0x00007ff9add10000 - 0x00007ff9add37000 	C:\WINDOWS\SYSTEM32\WINMM.dll
0x00007ff9b69c0000 - 0x00007ff9b69d2000 	C:\WINDOWS\SYSTEM32\kernel.appcore.dll
0x00007ff9b30e0000 - 0x00007ff9b30f0000 	C:\Program Files\Java\jdk-11.0.9\bin\verify.dll
0x00007ff9b6170000 - 0x00007ff9b6354000 	C:\WINDOWS\SYSTEM32\DBGHELP.DLL
0x00007ff9a8d90000 - 0x00007ff9a8dbc000 	C:\WINDOWS\SYSTEM32\dbgcore.DLL
0x00007ff9b8b50000 - 0x00007ff9b8bd0000 	C:\WINDOWS\System32\bcryptPrimitives.dll
0x00007ff9a2010000 - 0x00007ff9a2038000 	C:\Program Files\Java\jdk-11.0.9\bin\java.dll
0x00007ff9b24c0000 - 0x00007ff9b24ca000 	C:\Program Files\Java\jdk-11.0.9\bin\jimage.dll
0x00007ff9b2ec0000 - 0x00007ff9b2ef8000 	C:\Program Files\Java\jdk-11.0.9\bin\jdwp.dll
0x00007ff9b6540000 - 0x00007ff9b654e000 	C:\Program Files\Java\jdk-11.0.9\bin\instrument.dll
0x00007ff9a2980000 - 0x00007ff9a2996000 	C:\Program Files\Java\jdk-11.0.9\bin\zip.dll
0x00007ff9b9420000 - 0x00007ff9b9b62000 	C:\WINDOWS\System32\SHELL32.dll
0x00007ff9b6bc0000 - 0x00007ff9b7350000 	C:\WINDOWS\SYSTEM32\windows.storage.dll
0x00007ff9bab20000 - 0x00007ff9bae76000 	C:\WINDOWS\System32\combase.dll
0x00007ff9b84b0000 - 0x00007ff9b84dc000 	C:\WINDOWS\SYSTEM32\Wldp.dll
0x00007ff9b9370000 - 0x00007ff9b941e000 	C:\WINDOWS\System32\SHCORE.dll
0x00007ff9ba740000 - 0x00007ff9ba795000 	C:\WINDOWS\System32\shlwapi.dll
0x00007ff9b8980000 - 0x00007ff9b89a6000 	C:\WINDOWS\SYSTEM32\profapi.dll
0x00007ff9b63f0000 - 0x00007ff9b63fa000 	C:\Program Files\Java\jdk-11.0.9\bin\dt_socket.dll
0x00007ff9b8230000 - 0x00007ff9b829a000 	C:\WINDOWS\System32\mswsock.dll
0x00007ff9b7f20000 - 0x00007ff9b7feb000 	C:\WINDOWS\SYSTEM32\DNSAPI.dll
0x00007ff9b7ed0000 - 0x00007ff9b7f0b000 	C:\WINDOWS\SYSTEM32\IPHLPAPI.DLL
0x00007ff9bb2a0000 - 0x00007ff9bb2a8000 	C:\WINDOWS\System32\NSI.dll
0x00007ff9aed10000 - 0x00007ff9aed8f000 	C:\WINDOWS\System32\fwpuclnt.dll
0x00007ff9b8b20000 - 0x00007ff9b8b47000 	C:\WINDOWS\System32\bcrypt.dll
0x00007ff9aefa0000 - 0x00007ff9aefaa000 	C:\Windows\System32\rasadhlp.dll
0x00007ff9a1ff0000 - 0x00007ff9a2009000 	C:\Program Files\Java\jdk-11.0.9\bin\net.dll
0x00007ff9b0a00000 - 0x00007ff9b0b00000 	C:\WINDOWS\SYSTEM32\WINHTTP.dll
0x00007ff9a1fd0000 - 0x00007ff9a1fe2000 	C:\Program Files\Java\jdk-11.0.9\bin\nio.dll

dbghelp: loaded successfully - version: 4.0.5 - missing functions: none
symbol engine: initialized successfully - sym options: 0x614 - pdb path: .;C:\Program Files\Java\jdk-11.0.9\bin;C:\WINDOWS\SYSTEM32;C:\WINDOWS\WinSxS\amd64_microsoft.windows.common-controls_6595b64144ccf1df_6.0.19041.746_none_ca02b4b61b8320a4;C:\Program Files\Java\jdk-11.0.9\bin\server

VM Arguments:
jvm_args: -agentlib:jdwp=transport=dt_socket,suspend=y,address=localhost:51456 -ea -javaagent:C:\Users\shrub\Documents\development\java-2020-06\eclipse\configuration\org.eclipse.osgi\220\0\.cp\lib\javaagent-shaded.jar -Dfile.encoding=Cp1252 
java_command: org.eclipse.jdt.internal.junit.runner.RemoteTestRunner -version 3 -port 51455 -testLoaderClass org.eclipse.jdt.internal.junit4.runner.JUnit4TestLoader -loaderpluginname org.eclipse.jdt.junit4.runtime -test edu.ncsu.csc216.pack_scheduler.user.StudentTest:testCompareTo
java_class_path (initial): C:\Users\shrub\git\csc217-L-201-03\PackScheduler\bin;C:\Users\shrub\.p2\pool\plugins\org.junit_4.13.0.v20200204-1500.jar;C:\Users\shrub\.p2\pool\plugins\org.hamcrest.core_1.3.0.v20180420-1519.jar;C:\Users\shrub\git\csc217-L-201-03\PackScheduler\lib\CSC217Collections.jar;C:\Users\shrub\Documents\development\java-2020-06\eclipse\configuration\org.eclipse.osgi\218\0\.cp;C:\Users\shrub\Documents\development\java-2020-06\eclipse\configuration\org.eclipse.osgi\217\0\.cp
Launcher Type: SUN_STANDARD

[Global flags]
     intx CICompilerCount                          = 3                                         {product} {ergonomic}
     uint ConcGCThreads                            = 1                                         {product} {ergonomic}
     uint G1ConcRefinementThreads                  = 4                                         {product} {ergonomic}
   size_t G1HeapRegionSize                         = 1048576                                   {product} {ergonomic}
    uintx GCDrainStackTargetSize                   = 64                                        {product} {ergonomic}
   size_t InitialHeapSize                          = 134217728                                 {product} {ergonomic}
   size_t MarkStackSize                            = 4194304                                   {product} {ergonomic}
   size_t MaxHeapSize                              = 2118123520                                {product} {ergonomic}
   size_t MaxNewSize                               = 1270874112                                {product} {ergonomic}
   size_t MinHeapDeltaBytes                        = 1048576                                   {product} {ergonomic}
    uintx NonNMethodCodeHeapSize                   = 5830732                                {pd product} {ergonomic}
    uintx NonProfiledCodeHeapSize                  = 122913754                              {pd product} {ergonomic}
    uintx ProfiledCodeHeapSize                     = 122913754                              {pd product} {ergonomic}
    uintx ReservedCodeCacheSize                    = 251658240                              {pd product} {ergonomic}
     bool SegmentedCodeCache                       = true                                      {product} {ergonomic}
     bool UseCompressedClassPointers               = true                                 {lp64_product} {ergonomic}
     bool UseCompressedOops                        = true                                 {lp64_product} {ergonomic}
     bool UseG1GC                                  = true                                      {product} {ergonomic}
     bool UseLargePagesIndividualAllocation        = false                                  {pd product} {ergonomic}

Logging:
Log output configuration:
 #0: stdout all=warning uptime,level,tags
 #1: stderr all=off uptime,level,tags

Environment Variables:
CLASSPATH=.;
PATH=C:/Program Files/Java/jdk-11.0.9/bin/server;C:/Program Files/Java/jdk-11.0.9/bin;C:\Program Files\Java\jdk-11.0.9\bin;C:\Program Files\Common Files\Oracle\Java\javapath;C:\Program Files (x86)\Common Files\Oracle\Java\javapath;C:\WINDOWS\system32;C:\WINDOWS;C:\WINDOWS\System32\Wbem;C:\WINDOWS\System32\WindowsPowerShell\v1.0\;C:\WINDOWS\System32\OpenSSH\;C:\Program Files\Microsoft SQL Server\Client SDK\ODBC\110\Tools\Binn\;C:\Program Files (x86)\Microsoft SQL Server\120\Tools\Binn\;C:\Program Files\Microsoft SQL Server\120\Tools\Binn\;C:\Program Files\Microsoft SQL Server\120\DTS\Binn\;C:\Program Files (x86)\Windows Kits\8.1\Windows Performance Toolkit\;C:\Program Files\Git\cmd;C:\Program Files\PuTTY\;C:\Users\shrub\AppData\Local\Microsoft\WindowsApps;C:\Users\shrub\AppData\Local\atom\bin;%USERPROFILE%\AppData\Local\Microsoft\WindowsApps;;C:\Users\shrub\Documents\development\java-2020-06\eclipse;
USERNAME=shrub
OS=Windows_NT
PROCESSOR_IDENTIFIER=Intel64 Family 6 Model 58 Stepping 9, GenuineIntel



---------------  S Y S T E M  ---------------

OS: Windows 10 , 64 bit Build 19041 (10.0.19041.804)

CPU:total 4 (initial active 4) (4 cores per cpu, 1 threads per core) family 6 model 58 stepping 9, cmov, cx8, fxsr, mmx, sse, sse2, sse3, ssse3, sse4.1, sse4.2, popcnt, avx, aes, clmul, erms, tsc, tscinvbit, tscinv

Memory: 4k page, system-wide physical 8079M (2510M free)
TotalPageFile size 12328M (AvailPageFile size 2101M)
current process WorkingSet (physical memory assigned to process): 32M, peak: 61M
current process commit charge ("private bytes"): 207M, peak: 210M

vm_info: Java HotSpot(TM) 64-Bit Server VM (11.0.9+7-LTS) for windows-amd64 JRE (11.0.9+7-LTS), built on Sep 15 2020 16:47:03 by "mach5one" with MS VC++ 15.9 (VS2017)

END.
